{"B:\\projets\\microverse\\module-3\\To-do-list\\modules\\Tasks.js": {"path":"B:\\projets\\microverse\\module-3\\To-do-list\\modules\\Tasks.js","statementMap":{"0":{"start":{"line":3,"column":8},"end":{"line":3,"column":39}},"1":{"start":{"line":4,"column":8},"end":{"line":4,"column":44}},"2":{"start":{"line":5,"column":8},"end":{"line":5,"column":27}},"3":{"start":{"line":6,"column":8},"end":{"line":6,"column":42}},"4":{"start":{"line":10,"column":12},"end":{"line":20,"column":12}}},"fnMap":{"0":{"name":"(anonymous_0)","decl":{"start":{"line":2,"column":4},"end":{"line":2,"column":5}},"loc":{"start":{"line":2,"column":57},"end":{"line":7,"column":5}},"line":2},"1":{"name":"(anonymous_1)","decl":{"start":{"line":9,"column":4},"end":{"line":9,"column":5}},"loc":{"start":{"line":9,"column":14},"end":{"line":21,"column":3}},"line":9}},"branchMap":{"0":{"loc":{"start":{"line":4,"column":25},"end":{"line":4,"column":43}},"type":"binary-expr","locations":[{"start":{"line":4,"column":25},"end":{"line":4,"column":34}},{"start":{"line":4,"column":38},"end":{"line":4,"column":43}}],"line":4},"1":{"loc":{"start":{"line":6,"column":24},"end":{"line":6,"column":41}},"type":"binary-expr","locations":[{"start":{"line":6,"column":24},"end":{"line":6,"column":32}},{"start":{"line":6,"column":36},"end":{"line":6,"column":41}}],"line":6},"2":{"loc":{"start":{"line":12,"column":80},"end":{"line":12,"column":111}},"type":"cond-expr","locations":[{"start":{"line":12,"column":97},"end":{"line":12,"column":106}},{"start":{"line":12,"column":109},"end":{"line":12,"column":111}}],"line":12},"3":{"loc":{"start":{"line":13,"column":10},"end":{"line":13,"column":73}},"type":"cond-expr","locations":[{"start":{"line":13,"column":27},"end":{"line":13,"column":68}},{"start":{"line":13,"column":71},"end":{"line":13,"column":73}}],"line":13},"4":{"loc":{"start":{"line":14,"column":10},"end":{"line":14,"column":98}},"type":"cond-expr","locations":[{"start":{"line":14,"column":26},"end":{"line":14,"column":93}},{"start":{"line":14,"column":96},"end":{"line":14,"column":98}}],"line":14}},"s":{"0":0,"1":0,"2":0,"3":0,"4":0},"f":{"0":0,"1":0},"b":{"0":[0,0],"1":[0,0],"2":[0,0],"3":[0,0],"4":[0,0]},"_coverageSchema":"1a1c01bbd47fc00a2c39e90264f33305004495a9","hash":"ad21409b95c19803a0334ce4c44e4988d406c526"}
,"B:\\projets\\microverse\\module-3\\To-do-list\\modules\\TasksList.js": {"path":"B:\\projets\\microverse\\module-3\\To-do-list\\modules\\TasksList.js","statementMap":{"0":{"start":{"line":5,"column":4},"end":{"line":5,"column":20}},"1":{"start":{"line":9,"column":19},"end":{"line":9,"column":51}},"2":{"start":{"line":10,"column":4},"end":{"line":15,"column":5}},"3":{"start":{"line":11,"column":6},"end":{"line":13,"column":8}},"4":{"start":{"line":12,"column":25},"end":{"line":12,"column":78}},"5":{"start":{"line":14,"column":6},"end":{"line":14,"column":21}},"6":{"start":{"line":16,"column":4},"end":{"line":16,"column":17}},"7":{"start":{"line":20,"column":4},"end":{"line":20,"column":23}},"8":{"start":{"line":21,"column":4},"end":{"line":21,"column":25}},"9":{"start":{"line":22,"column":4},"end":{"line":22,"column":25}},"10":{"start":{"line":26,"column":4},"end":{"line":26,"column":65}},"11":{"start":{"line":27,"column":18},"end":{"line":27,"column":50}},"12":{"start":{"line":28,"column":4},"end":{"line":32,"column":5}},"13":{"start":{"line":29,"column":6},"end":{"line":31,"column":9}},"14":{"start":{"line":30,"column":8},"end":{"line":30,"column":71}},"15":{"start":{"line":30,"column":53},"end":{"line":30,"column":68}},"16":{"start":{"line":36,"column":21},"end":{"line":36,"column":23}},"17":{"start":{"line":37,"column":4},"end":{"line":41,"column":7}},"18":{"start":{"line":38,"column":6},"end":{"line":40,"column":8}},"19":{"start":{"line":42,"column":4},"end":{"line":42,"column":26}},"20":{"start":{"line":43,"column":4},"end":{"line":46,"column":6}},"21":{"start":{"line":45,"column":51},"end":{"line":45,"column":66}},"22":{"start":{"line":47,"column":4},"end":{"line":47,"column":19}},"23":{"start":{"line":48,"column":4},"end":{"line":48,"column":17}},"24":{"start":{"line":53,"column":19},"end":{"line":53,"column":55}},"25":{"start":{"line":54,"column":4},"end":{"line":62,"column":7}},"26":{"start":{"line":55,"column":19},"end":{"line":57,"column":7}},"27":{"start":{"line":58,"column":6},"end":{"line":61,"column":9}},"28":{"start":{"line":59,"column":8},"end":{"line":59,"column":37}},"29":{"start":{"line":60,"column":8},"end":{"line":60,"column":36}},"30":{"start":{"line":66,"column":4},"end":{"line":66,"column":21}},"31":{"start":{"line":67,"column":16},"end":{"line":67,"column":49}},"32":{"start":{"line":68,"column":4},"end":{"line":75,"column":7}},"33":{"start":{"line":69,"column":25},"end":{"line":73,"column":7}},"34":{"start":{"line":70,"column":22},"end":{"line":70,"column":65}},"35":{"start":{"line":71,"column":25},"end":{"line":71,"column":72}},"36":{"start":{"line":71,"column":50},"end":{"line":71,"column":71}},"37":{"start":{"line":72,"column":8},"end":{"line":72,"column":35}},"38":{"start":{"line":74,"column":6},"end":{"line":74,"column":34}},"39":{"start":{"line":77,"column":17},"end":{"line":77,"column":51}},"40":{"start":{"line":78,"column":4},"end":{"line":90,"column":7}},"41":{"start":{"line":79,"column":6},"end":{"line":89,"column":9}},"42":{"start":{"line":80,"column":8},"end":{"line":80,"column":42}},"43":{"start":{"line":81,"column":8},"end":{"line":81,"column":27}},"44":{"start":{"line":82,"column":22},"end":{"line":82,"column":63}},"45":{"start":{"line":83,"column":8},"end":{"line":88,"column":11}},"46":{"start":{"line":84,"column":10},"end":{"line":84,"column":29}},"47":{"start":{"line":85,"column":10},"end":{"line":85,"column":57}},"48":{"start":{"line":86,"column":10},"end":{"line":86,"column":45}},"49":{"start":{"line":87,"column":10},"end":{"line":87,"column":29}},"50":{"start":{"line":94,"column":25},"end":{"line":94,"column":60}},"51":{"start":{"line":95,"column":4},"end":{"line":102,"column":7}},"52":{"start":{"line":96,"column":6},"end":{"line":101,"column":9}},"53":{"start":{"line":97,"column":8},"end":{"line":99,"column":39}},"54":{"start":{"line":100,"column":8},"end":{"line":100,"column":27}},"55":{"start":{"line":106,"column":17},"end":{"line":106,"column":72}},"56":{"start":{"line":107,"column":4},"end":{"line":107,"column":26}},"57":{"start":{"line":108,"column":4},"end":{"line":108,"column":23}},"58":{"start":{"line":109,"column":4},"end":{"line":109,"column":16}},"59":{"start":{"line":113,"column":24},"end":{"line":113,"column":26}},"60":{"start":{"line":114,"column":4},"end":{"line":116,"column":7}},"61":{"start":{"line":115,"column":6},"end":{"line":115,"column":38}},"62":{"start":{"line":117,"column":4},"end":{"line":117,"column":25}},"63":{"start":{"line":121,"column":22},"end":{"line":121,"column":54}},"64":{"start":{"line":122,"column":4},"end":{"line":122,"column":45}},"65":{"start":{"line":123,"column":4},"end":{"line":123,"column":23}}},"fnMap":{"0":{"name":"(anonymous_0)","decl":{"start":{"line":4,"column":2},"end":{"line":4,"column":3}},"loc":{"start":{"line":4,"column":16},"end":{"line":6,"column":3}},"line":4},"1":{"name":"(anonymous_1)","decl":{"start":{"line":8,"column":2},"end":{"line":8,"column":3}},"loc":{"start":{"line":8,"column":15},"end":{"line":17,"column":3}},"line":8},"2":{"name":"(anonymous_2)","decl":{"start":{"line":12,"column":8},"end":{"line":12,"column":9}},"loc":{"start":{"line":12,"column":25},"end":{"line":12,"column":78}},"line":12},"3":{"name":"(anonymous_3)","decl":{"start":{"line":19,"column":2},"end":{"line":19,"column":3}},"loc":{"start":{"line":19,"column":10},"end":{"line":23,"column":3}},"line":19},"4":{"name":"(anonymous_4)","decl":{"start":{"line":25,"column":2},"end":{"line":25,"column":3}},"loc":{"start":{"line":25,"column":18},"end":{"line":33,"column":3}},"line":25},"5":{"name":"(anonymous_5)","decl":{"start":{"line":29,"column":38},"end":{"line":29,"column":39}},"loc":{"start":{"line":29,"column":44},"end":{"line":31,"column":7}},"line":29},"6":{"name":"(anonymous_6)","decl":{"start":{"line":30,"column":43},"end":{"line":30,"column":44}},"loc":{"start":{"line":30,"column":53},"end":{"line":30,"column":68}},"line":30},"7":{"name":"(anonymous_7)","decl":{"start":{"line":35,"column":2},"end":{"line":35,"column":3}},"loc":{"start":{"line":35,"column":34},"end":{"line":49,"column":3}},"line":35},"8":{"name":"(anonymous_8)","decl":{"start":{"line":37,"column":18},"end":{"line":37,"column":19}},"loc":{"start":{"line":37,"column":32},"end":{"line":41,"column":5}},"line":37},"9":{"name":"(anonymous_9)","decl":{"start":{"line":45,"column":36},"end":{"line":45,"column":37}},"loc":{"start":{"line":45,"column":51},"end":{"line":45,"column":66}},"line":45},"10":{"name":"(anonymous_10)","decl":{"start":{"line":52,"column":2},"end":{"line":52,"column":3}},"loc":{"start":{"line":52,"column":14},"end":{"line":63,"column":3}},"line":52},"11":{"name":"(anonymous_11)","decl":{"start":{"line":54,"column":19},"end":{"line":54,"column":20}},"loc":{"start":{"line":54,"column":30},"end":{"line":62,"column":5}},"line":54},"12":{"name":"(anonymous_12)","decl":{"start":{"line":58,"column":38},"end":{"line":58,"column":39}},"loc":{"start":{"line":58,"column":44},"end":{"line":61,"column":7}},"line":58},"13":{"name":"(anonymous_13)","decl":{"start":{"line":65,"column":2},"end":{"line":65,"column":3}},"loc":{"start":{"line":65,"column":16},"end":{"line":91,"column":3}},"line":65},"14":{"name":"(anonymous_14)","decl":{"start":{"line":68,"column":16},"end":{"line":68,"column":17}},"loc":{"start":{"line":68,"column":28},"end":{"line":75,"column":5}},"line":68},"15":{"name":"(anonymous_15)","decl":{"start":{"line":69,"column":25},"end":{"line":69,"column":26}},"loc":{"start":{"line":69,"column":31},"end":{"line":73,"column":7}},"line":69},"16":{"name":"(anonymous_16)","decl":{"start":{"line":71,"column":43},"end":{"line":71,"column":44}},"loc":{"start":{"line":71,"column":50},"end":{"line":71,"column":71}},"line":71},"17":{"name":"(anonymous_17)","decl":{"start":{"line":78,"column":17},"end":{"line":78,"column":18}},"loc":{"start":{"line":78,"column":36},"end":{"line":90,"column":5}},"line":78},"18":{"name":"(anonymous_18)","decl":{"start":{"line":79,"column":39},"end":{"line":79,"column":40}},"loc":{"start":{"line":79,"column":45},"end":{"line":89,"column":7}},"line":79},"19":{"name":"(anonymous_19)","decl":{"start":{"line":83,"column":41},"end":{"line":83,"column":42}},"loc":{"start":{"line":83,"column":48},"end":{"line":88,"column":9}},"line":83},"20":{"name":"(anonymous_20)","decl":{"start":{"line":93,"column":2},"end":{"line":93,"column":3}},"loc":{"start":{"line":93,"column":18},"end":{"line":103,"column":3}},"line":93},"21":{"name":"(anonymous_21)","decl":{"start":{"line":95,"column":25},"end":{"line":95,"column":26}},"loc":{"start":{"line":95,"column":39},"end":{"line":102,"column":5}},"line":95},"22":{"name":"(anonymous_22)","decl":{"start":{"line":96,"column":41},"end":{"line":96,"column":42}},"loc":{"start":{"line":96,"column":47},"end":{"line":101,"column":7}},"line":96},"23":{"name":"(anonymous_23)","decl":{"start":{"line":105,"column":2},"end":{"line":105,"column":3}},"loc":{"start":{"line":105,"column":34},"end":{"line":110,"column":3}},"line":105},"24":{"name":"(anonymous_24)","decl":{"start":{"line":112,"column":2},"end":{"line":112,"column":3}},"loc":{"start":{"line":112,"column":16},"end":{"line":118,"column":3}},"line":112},"25":{"name":"(anonymous_25)","decl":{"start":{"line":114,"column":23},"end":{"line":114,"column":24}},"loc":{"start":{"line":114,"column":33},"end":{"line":116,"column":5}},"line":114},"26":{"name":"(anonymous_26)","decl":{"start":{"line":120,"column":2},"end":{"line":120,"column":3}},"loc":{"start":{"line":120,"column":12},"end":{"line":124,"column":3}},"line":120}},"branchMap":{"0":{"loc":{"start":{"line":10,"column":4},"end":{"line":15,"column":5}},"type":"if","locations":[{"start":{"line":10,"column":4},"end":{"line":15,"column":5}},{"start":{},"end":{}}],"line":10},"1":{"loc":{"start":{"line":28,"column":4},"end":{"line":32,"column":5}},"type":"if","locations":[{"start":{"line":28,"column":4},"end":{"line":32,"column":5}},{"start":{},"end":{}}],"line":28},"2":{"loc":{"start":{"line":35,"column":14},"end":{"line":35,"column":32}},"type":"default-arg","locations":[{"start":{"line":35,"column":22},"end":{"line":35,"column":32}}],"line":35}},"s":{"0":1,"1":1,"2":1,"3":0,"4":0,"5":0,"6":1,"7":1,"8":1,"9":1,"10":1,"11":1,"12":1,"13":0,"14":0,"15":0,"16":0,"17":0,"18":0,"19":0,"20":0,"21":0,"22":0,"23":0,"24":1,"25":1,"26":0,"27":0,"28":0,"29":0,"30":1,"31":1,"32":1,"33":0,"34":0,"35":0,"36":0,"37":0,"38":0,"39":1,"40":1,"41":0,"42":0,"43":0,"44":0,"45":0,"46":0,"47":0,"48":0,"49":0,"50":1,"51":1,"52":0,"53":0,"54":0,"55":0,"56":0,"57":0,"58":0,"59":0,"60":0,"61":0,"62":0,"63":0,"64":0,"65":0},"f":{"0":1,"1":1,"2":0,"3":1,"4":1,"5":0,"6":0,"7":0,"8":0,"9":0,"10":1,"11":0,"12":0,"13":1,"14":0,"15":0,"16":0,"17":0,"18":0,"19":0,"20":1,"21":0,"22":0,"23":0,"24":0,"25":0,"26":0},"b":{"0":[0,1],"1":[0,1],"2":[0]},"_coverageSchema":"1a1c01bbd47fc00a2c39e90264f33305004495a9","hash":"a7a834762f001436a7f9bf9e2a0e2c1b96302513"}
,"B:\\projets\\microverse\\module-3\\To-do-list\\src\\index.js": {"path":"B:\\projets\\microverse\\module-3\\To-do-list\\src\\index.js","statementMap":{"0":{"start":{"line":5,"column":17},"end":{"line":5,"column":28}},"1":{"start":{"line":6,"column":0},"end":{"line":6,"column":22}},"2":{"start":{"line":8,"column":16},"end":{"line":19,"column":1}},"3":{"start":{"line":9,"column":16},"end":{"line":9,"column":46}},"4":{"start":{"line":11,"column":2},"end":{"line":18,"column":3}},"5":{"start":{"line":12,"column":4},"end":{"line":17,"column":6}},"6":{"start":{"line":13,"column":6},"end":{"line":13,"column":25}},"7":{"start":{"line":14,"column":26},"end":{"line":14,"column":40}},"8":{"start":{"line":15,"column":6},"end":{"line":15,"column":36}},"9":{"start":{"line":16,"column":6},"end":{"line":16,"column":26}},"10":{"start":{"line":20,"column":0},"end":{"line":20,"column":10}}},"fnMap":{"0":{"name":"(anonymous_0)","decl":{"start":{"line":8,"column":16},"end":{"line":8,"column":17}},"loc":{"start":{"line":8,"column":22},"end":{"line":19,"column":1}},"line":8},"1":{"name":"(anonymous_1)","decl":{"start":{"line":12,"column":21},"end":{"line":12,"column":22}},"loc":{"start":{"line":12,"column":28},"end":{"line":17,"column":5}},"line":12}},"branchMap":{"0":{"loc":{"start":{"line":11,"column":2},"end":{"line":18,"column":3}},"type":"if","locations":[{"start":{"line":11,"column":2},"end":{"line":18,"column":3}},{"start":{},"end":{}}],"line":11}},"s":{"0":1,"1":1,"2":1,"3":1,"4":1,"5":0,"6":0,"7":0,"8":0,"9":0,"10":1},"f":{"0":1,"1":0},"b":{"0":[0,1]},"_coverageSchema":"1a1c01bbd47fc00a2c39e90264f33305004495a9","hash":"dd6a0061f7782de8acd9b824884d7d4e4021dca1"}
}
